[2021-06-10 16:06:18] local.ERROR: SQLSTATE[26000]: Invalid sql statement name: 7 ERROR:  prepared statement "pdo_stmt_00000054" does not exist (SQL: select b.id, b.student_id, b.status, b.reference, b.prefix,b.date,b.sync,b.return_message,b.push_status,b.academic_year_id,b.created_at, b.updated_at, a.amount, c.name as student_name, 'faithlight' as schema_name, (select sub_invoice from  faithlight.setting limit 1) as sub_invoice   from  faithlight.invoices b join faithlight.student c on c.student_id=b.student_id join ( select sum(balance) as amount, a.invoice_id from faithlight.invoice_balances a group by a.invoice_id ) a on a.invoice_id=b.id where  a.amount >0  and b.sync <>1 order by random() limit 15) {"exception":"[object] (Illuminate\\Database\\QueryException(code: 26000): SQLSTATE[26000]: Invalid sql statement name: 7 ERROR:  prepared statement \"pdo_stmt_00000054\" does not exist (SQL: select b.id, b.student_id, b.status, b.reference, b.prefix,b.date,b.sync,b.return_message,b.push_status,b.academic_year_id,b.created_at, b.updated_at, a.amount, c.name as student_name, 'faithlight' as schema_name, (select sub_invoice from  faithlight.setting limit 1) as sub_invoice   from  faithlight.invoices b join faithlight.student c on c.student_id=b.student_id join ( select sum(balance) as amount, a.invoice_id from faithlight.invoice_balances a group by a.invoice_id ) a on a.invoice_id=b.id where  a.amount >0  and b.sync <>1 order by random() limit 15) at /usr/share/nginx/html/admin/vendor/laravel/framework/src/Illuminate/Database/Connection.php:685)
[stacktrace]
#0 /usr/share/nginx/html/admin/vendor/laravel/framework/src/Illuminate/Database/Connection.php(645): Illuminate\\Database\\Connection->runQueryCallback()
#1 /usr/share/nginx/html/admin/vendor/laravel/framework/src/Illuminate/Database/Connection.php(353): Illuminate\\Database\\Connection->run()
#2 /usr/share/nginx/html/admin/vendor/laravel/framework/src/Illuminate/Database/DatabaseManager.php(388): Illuminate\\Database\\Connection->select()
#3 /usr/share/nginx/html/admin/vendor/laravel/framework/src/Illuminate/Support/Facades/Facade.php(261): Illuminate\\Database\\DatabaseManager->__call()
#4 /usr/share/nginx/html/admin/app/Console/Kernel.php(250): Illuminate\\Support\\Facades\\Facade::__callStatic()
#5 /usr/share/nginx/html/admin/app/Console/Kernel.php(241): App\\Console\\Kernel->syncInvoicePerSchool()
#6 /usr/share/nginx/html/admin/app/Console/Kernel.php(46): App\\Console\\Kernel->syncInvoice()
#7 /usr/share/nginx/html/admin/vendor/laravel/framework/src/Illuminate/Container/BoundMethod.php(36): App\\Console\\Kernel->App\\Console\\{closure}()
#8 /usr/share/nginx/html/admin/vendor/laravel/framework/src/Illuminate/Container/BoundMethod.php(36): Closure->__invoke()
#9 /usr/share/nginx/html/admin/vendor/laravel/framework/src/Illuminate/Container/Util.php(40): Illuminate\\Container\\BoundMethod::Illuminate\\Container\\{closure}()
#10 /usr/share/nginx/html/admin/vendor/laravel/framework/src/Illuminate/Container/BoundMethod.php(93): Illuminate\\Container\\Util::unwrapIfClosure()
#11 /usr/share/nginx/html/admin/vendor/laravel/framework/src/Illuminate/Container/BoundMethod.php(37): Illuminate\\Container\\BoundMethod::callBoundMethod()
#12 /usr/share/nginx/html/admin/vendor/laravel/framework/src/Illuminate/Container/Container.php(614): Illuminate\\Container\\BoundMethod::call()
#13 /usr/share/nginx/html/admin/vendor/laravel/framework/src/Illuminate/Console/Scheduling/CallbackEvent.php(79): Illuminate\\Container\\Container->call()
#14 /usr/share/nginx/html/admin/vendor/laravel/framework/src/Illuminate/Console/Scheduling/ScheduleRunCommand.php(143): Illuminate\\Console\\Scheduling\\CallbackEvent->run()
#15 /usr/share/nginx/html/admin/vendor/laravel/framework/src/Illuminate/Console/Scheduling/ScheduleRunCommand.php(102): Illuminate\\Console\\Scheduling\\ScheduleRunCommand->runEvent()
#16 /usr/share/nginx/html/admin/vendor/laravel/framework/src/Illuminate/Container/BoundMethod.php(36): Illuminate\\Console\\Scheduling\\ScheduleRunCommand->handle()
#17 /usr/share/nginx/html/admin/vendor/laravel/framework/src/Illuminate/Container/Util.php(40): Illuminate\\Container\\BoundMethod::Illuminate\\Container\\{closure}()
#18 /usr/share/nginx/html/admin/vendor/laravel/framework/src/Illuminate/Container/BoundMethod.php(93): Illuminate\\Container\\Util::unwrapIfClosure()
#19 /usr/share/nginx/html/admin/vendor/laravel/framework/src/Illuminate/Container/BoundMethod.php(37): Illuminate\\Container\\BoundMethod::callBoundMethod()
#20 /usr/share/nginx/html/admin/vendor/laravel/framework/src/Illuminate/Container/Container.php(614): Illuminate\\Container\\BoundMethod::call()
#21 /usr/share/nginx/html/admin/vendor/laravel/framework/src/Illuminate/Console/Command.php(136): Illuminate\\Container\\Container->call()
#22 /usr/share/nginx/html/admin/vendor/symfony/console/Command/Command.php(288): Illuminate\\Console\\Command->execute()
#23 /usr/share/nginx/html/admin/vendor/laravel/framework/src/Illuminate/Console/Command.php(121): Symfony\\Component\\Console\\Command\\Command->run()
#24 /usr/share/nginx/html/admin/vendor/symfony/console/Application.php(974): Illuminate\\Console\\Command->run()
#25 /usr/share/nginx/html/admin/vendor/symfony/console/Application.php(291): Symfony\\Component\\Console\\Application->doRunCommand()
#26 /usr/share/nginx/html/admin/vendor/symfony/console/Application.php(167): Symfony\\Component\\Console\\Application->doRun()
#27 /usr/share/nginx/html/admin/vendor/laravel/framework/src/Illuminate/Console/Application.php(92): Symfony\\Component\\Console\\Application->run()
#28 /usr/share/nginx/html/admin/vendor/laravel/framework/src/Illuminate/Foundation/Console/Kernel.php(129): Illuminate\\Console\\Application->run()
#29 /usr/share/nginx/html/admin/artisan(37): Illuminate\\Foundation\\Console\\Kernel->handle()
#30 {main}

[previous exception] [object] (PDOException(code: 26000): SQLSTATE[26000]: Invalid sql statement name: 7 ERROR:  prepared statement \"pdo_stmt_00000054\" does not exist at /usr/share/nginx/html/admin/vendor/laravel/framework/src/Illuminate/Database/Connection.php:350)
[stacktrace]
#0 /usr/share/nginx/html/admin/vendor/laravel/framework/src/Illuminate/Database/Connection.php(350): PDOStatement->execute()
#1 /usr/share/nginx/html/admin/vendor/laravel/framework/src/Illuminate/Database/Connection.php(678): Illuminate\\Database\\Connection->Illuminate\\Database\\{closure}()
#2 /usr/share/nginx/html/admin/vendor/laravel/framework/src/Illuminate/Database/Connection.php(645): Illuminate\\Database\\Connection->runQueryCallback()
#3 /usr/share/nginx/html/admin/vendor/laravel/framework/src/Illuminate/Database/Connection.php(353): Illuminate\\Database\\Connection->run()
#4 /usr/share/nginx/html/admin/vendor/laravel/framework/src/Illuminate/Database/DatabaseManager.php(388): Illuminate\\Database\\Connection->select()
#5 /usr/share/nginx/html/admin/vendor/laravel/framework/src/Illuminate/Support/Facades/Facade.php(261): Illuminate\\Database\\DatabaseManager->__call()
#6 /usr/share/nginx/html/admin/app/Console/Kernel.php(250): Illuminate\\Support\\Facades\\Facade::__callStatic()
#7 /usr/share/nginx/html/admin/app/Console/Kernel.php(241): App\\Console\\Kernel->syncInvoicePerSchool()
#8 /usr/share/nginx/html/admin/app/Console/Kernel.php(46): App\\Console\\Kernel->syncInvoice()
#9 /usr/share/nginx/html/admin/vendor/laravel/framework/src/Illuminate/Container/BoundMethod.php(36): App\\Console\\Kernel->App\\Console\\{closure}()
#10 /usr/share/nginx/html/admin/vendor/laravel/framework/src/Illuminate/Container/BoundMethod.php(36): Closure->__invoke()
#11 /usr/share/nginx/html/admin/vendor/laravel/framework/src/Illuminate/Container/Util.php(40): Illuminate\\Container\\BoundMethod::Illuminate\\Container\\{closure}()
#12 /usr/share/nginx/html/admin/vendor/laravel/framework/src/Illuminate/Container/BoundMethod.php(93): Illuminate\\Container\\Util::unwrapIfClosure()
#13 /usr/share/nginx/html/admin/vendor/laravel/framework/src/Illuminate/Container/BoundMethod.php(37): Illuminate\\Container\\BoundMethod::callBoundMethod()
#14 /usr/share/nginx/html/admin/vendor/laravel/framework/src/Illuminate/Container/Container.php(614): Illuminate\\Container\\BoundMethod::call()
#15 /usr/share/nginx/html/admin/vendor/laravel/framework/src/Illuminate/Console/Scheduling/CallbackEvent.php(79): Illuminate\\Container\\Container->call()
#16 /usr/share/nginx/html/admin/vendor/laravel/framework/src/Illuminate/Console/Scheduling/ScheduleRunCommand.php(143): Illuminate\\Console\\Scheduling\\CallbackEvent->run()
#17 /usr/share/nginx/html/admin/vendor/laravel/framework/src/Illuminate/Console/Scheduling/ScheduleRunCommand.php(102): Illuminate\\Console\\Scheduling\\ScheduleRunCommand->runEvent()
#18 /usr/share/nginx/html/admin/vendor/laravel/framework/src/Illuminate/Container/BoundMethod.php(36): Illuminate\\Console\\Scheduling\\ScheduleRunCommand->handle()
#19 /usr/share/nginx/html/admin/vendor/laravel/framework/src/Illuminate/Container/Util.php(40): Illuminate\\Container\\BoundMethod::Illuminate\\Container\\{closure}()
#20 /usr/share/nginx/html/admin/vendor/laravel/framework/src/Illuminate/Container/BoundMethod.php(93): Illuminate\\Container\\Util::unwrapIfClosure()
#21 /usr/share/nginx/html/admin/vendor/laravel/framework/src/Illuminate/Container/BoundMethod.php(37): Illuminate\\Container\\BoundMethod::callBoundMethod()
#22 /usr/share/nginx/html/admin/vendor/laravel/framework/src/Illuminate/Container/Container.php(614): Illuminate\\Container\\BoundMethod::call()
#23 /usr/share/nginx/html/admin/vendor/laravel/framework/src/Illuminate/Console/Command.php(136): Illuminate\\Container\\Container->call()
#24 /usr/share/nginx/html/admin/vendor/symfony/console/Command/Command.php(288): Illuminate\\Console\\Command->execute()
#25 /usr/share/nginx/html/admin/vendor/laravel/framework/src/Illuminate/Console/Command.php(121): Symfony\\Component\\Console\\Command\\Command->run()
#26 /usr/share/nginx/html/admin/vendor/symfony/console/Application.php(974): Illuminate\\Console\\Command->run()
#27 /usr/share/nginx/html/admin/vendor/symfony/console/Application.php(291): Symfony\\Component\\Console\\Application->doRunCommand()
#28 /usr/share/nginx/html/admin/vendor/symfony/console/Application.php(167): Symfony\\Component\\Console\\Application->doRun()
#29 /usr/share/nginx/html/admin/vendor/laravel/framework/src/Illuminate/Console/Application.php(92): Symfony\\Component\\Console\\Application->run()
#30 /usr/share/nginx/html/admin/vendor/laravel/framework/src/Illuminate/Foundation/Console/Kernel.php(129): Illuminate\\Console\\Application->run()
#31 /usr/share/nginx/html/admin/artisan(37): Illuminate\\Foundation\\Console\\Kernel->handle()
#32 {main}
"} 
[2021-06-10 16:06:18] local.ERROR: SQLSTATE[26000]: Invalid sql statement name: 7 ERROR:  prepared statement "pdo_stmt_00000005" does not exist (SQL: select b.id, b.student_id, b.status, b.reference, b.prefix,b.date,b.sync,b.return_message,b.push_status,b.academic_year_id,b.created_at, b.updated_at, a.amount, c.name as student_name, 'alhuda' as schema_name, (select sub_invoice from  alhuda.setting limit 1) as sub_invoice   from  alhuda.invoices b join alhuda.student c on c.student_id=b.student_id join ( select sum(balance) as amount, a.invoice_id from alhuda.invoice_balances a group by a.invoice_id ) a on a.invoice_id=b.id where  a.amount >0  and b.sync <>1 order by random() limit 15) {"exception":"[object] (Illuminate\\Database\\QueryException(code: 26000): SQLSTATE[26000]: Invalid sql statement name: 7 ERROR:  prepared statement \"pdo_stmt_00000005\" does not exist (SQL: select b.id, b.student_id, b.status, b.reference, b.prefix,b.date,b.sync,b.return_message,b.push_status,b.academic_year_id,b.created_at, b.updated_at, a.amount, c.name as student_name, 'alhuda' as schema_name, (select sub_invoice from  alhuda.setting limit 1) as sub_invoice   from  alhuda.invoices b join alhuda.student c on c.student_id=b.student_id join ( select sum(balance) as amount, a.invoice_id from alhuda.invoice_balances a group by a.invoice_id ) a on a.invoice_id=b.id where  a.amount >0  and b.sync <>1 order by random() limit 15) at /usr/share/nginx/html/admin/vendor/laravel/framework/src/Illuminate/Database/Connection.php:685)
[stacktrace]
#0 /usr/share/nginx/html/admin/vendor/laravel/framework/src/Illuminate/Database/Connection.php(645): Illuminate\\Database\\Connection->runQueryCallback()
#1 /usr/share/nginx/html/admin/vendor/laravel/framework/src/Illuminate/Database/Connection.php(353): Illuminate\\Database\\Connection->run()
#2 /usr/share/nginx/html/admin/vendor/laravel/framework/src/Illuminate/Database/DatabaseManager.php(388): Illuminate\\Database\\Connection->select()
#3 /usr/share/nginx/html/admin/vendor/laravel/framework/src/Illuminate/Support/Facades/Facade.php(261): Illuminate\\Database\\DatabaseManager->__call()
#4 /usr/share/nginx/html/admin/app/Console/Kernel.php(250): Illuminate\\Support\\Facades\\Facade::__callStatic()
#5 /usr/share/nginx/html/admin/app/Console/Kernel.php(241): App\\Console\\Kernel->syncInvoicePerSchool()
#6 /usr/share/nginx/html/admin/app/Console/Kernel.php(46): App\\Console\\Kernel->syncInvoice()
#7 /usr/share/nginx/html/admin/vendor/laravel/framework/src/Illuminate/Container/BoundMethod.php(36): App\\Console\\Kernel->App\\Console\\{closure}()
#8 /usr/share/nginx/html/admin/vendor/laravel/framework/src/Illuminate/Container/BoundMethod.php(36): Closure->__invoke()
#9 /usr/share/nginx/html/admin/vendor/laravel/framework/src/Illuminate/Container/Util.php(40): Illuminate\\Container\\BoundMethod::Illuminate\\Container\\{closure}()
#10 /usr/share/nginx/html/admin/vendor/laravel/framework/src/Illuminate/Container/BoundMethod.php(93): Illuminate\\Container\\Util::unwrapIfClosure()
#11 /usr/share/nginx/html/admin/vendor/laravel/framework/src/Illuminate/Container/BoundMethod.php(37): Illuminate\\Container\\BoundMethod::callBoundMethod()
#12 /usr/share/nginx/html/admin/vendor/laravel/framework/src/Illuminate/Container/Container.php(614): Illuminate\\Container\\BoundMethod::call()
#13 /usr/share/nginx/html/admin/vendor/laravel/framework/src/Illuminate/Console/Scheduling/CallbackEvent.php(79): Illuminate\\Container\\Container->call()
#14 /usr/share/nginx/html/admin/vendor/laravel/framework/src/Illuminate/Console/Scheduling/ScheduleRunCommand.php(143): Illuminate\\Console\\Scheduling\\CallbackEvent->run()
#15 /usr/share/nginx/html/admin/vendor/laravel/framework/src/Illuminate/Console/Scheduling/ScheduleRunCommand.php(102): Illuminate\\Console\\Scheduling\\ScheduleRunCommand->runEvent()
#16 /usr/share/nginx/html/admin/vendor/laravel/framework/src/Illuminate/Container/BoundMethod.php(36): Illuminate\\Console\\Scheduling\\ScheduleRunCommand->handle()
#17 /usr/share/nginx/html/admin/vendor/laravel/framework/src/Illuminate/Container/Util.php(40): Illuminate\\Container\\BoundMethod::Illuminate\\Container\\{closure}()
#18 /usr/share/nginx/html/admin/vendor/laravel/framework/src/Illuminate/Container/BoundMethod.php(93): Illuminate\\Container\\Util::unwrapIfClosure()
#19 /usr/share/nginx/html/admin/vendor/laravel/framework/src/Illuminate/Container/BoundMethod.php(37): Illuminate\\Container\\BoundMethod::callBoundMethod()
#20 /usr/share/nginx/html/admin/vendor/laravel/framework/src/Illuminate/Container/Container.php(614): Illuminate\\Container\\BoundMethod::call()
#21 /usr/share/nginx/html/admin/vendor/laravel/framework/src/Illuminate/Console/Command.php(136): Illuminate\\Container\\Container->call()
#22 /usr/share/nginx/html/admin/vendor/symfony/console/Command/Command.php(288): Illuminate\\Console\\Command->execute()
#23 /usr/share/nginx/html/admin/vendor/laravel/framework/src/Illuminate/Console/Command.php(121): Symfony\\Component\\Console\\Command\\Command->run()
#24 /usr/share/nginx/html/admin/vendor/symfony/console/Application.php(974): Illuminate\\Console\\Command->run()
#25 /usr/share/nginx/html/admin/vendor/symfony/console/Application.php(291): Symfony\\Component\\Console\\Application->doRunCommand()
#26 /usr/share/nginx/html/admin/vendor/symfony/console/Application.php(167): Symfony\\Component\\Console\\Application->doRun()
#27 /usr/share/nginx/html/admin/vendor/laravel/framework/src/Illuminate/Console/Application.php(92): Symfony\\Component\\Console\\Application->run()
#28 /usr/share/nginx/html/admin/vendor/laravel/framework/src/Illuminate/Foundation/Console/Kernel.php(129): Illuminate\\Console\\Application->run()
#29 /usr/share/nginx/html/admin/artisan(37): Illuminate\\Foundation\\Console\\Kernel->handle()
#30 {main}

[previous exception] [object] (PDOException(code: 26000): SQLSTATE[26000]: Invalid sql statement name: 7 ERROR:  prepared statement \"pdo_stmt_00000005\" does not exist at /usr/share/nginx/html/admin/vendor/laravel/framework/src/Illuminate/Database/Connection.php:350)
[stacktrace]
#0 /usr/share/nginx/html/admin/vendor/laravel/framework/src/Illuminate/Database/Connection.php(350): PDOStatement->execute()
#1 /usr/share/nginx/html/admin/vendor/laravel/framework/src/Illuminate/Database/Connection.php(678): Illuminate\\Database\\Connection->Illuminate\\Database\\{closure}()
#2 /usr/share/nginx/html/admin/vendor/laravel/framework/src/Illuminate/Database/Connection.php(645): Illuminate\\Database\\Connection->runQueryCallback()
#3 /usr/share/nginx/html/admin/vendor/laravel/framework/src/Illuminate/Database/Connection.php(353): Illuminate\\Database\\Connection->run()
#4 /usr/share/nginx/html/admin/vendor/laravel/framework/src/Illuminate/Database/DatabaseManager.php(388): Illuminate\\Database\\Connection->select()
#5 /usr/share/nginx/html/admin/vendor/laravel/framework/src/Illuminate/Support/Facades/Facade.php(261): Illuminate\\Database\\DatabaseManager->__call()
#6 /usr/share/nginx/html/admin/app/Console/Kernel.php(250): Illuminate\\Support\\Facades\\Facade::__callStatic()
#7 /usr/share/nginx/html/admin/app/Console/Kernel.php(241): App\\Console\\Kernel->syncInvoicePerSchool()
#8 /usr/share/nginx/html/admin/app/Console/Kernel.php(46): App\\Console\\Kernel->syncInvoice()
#9 /usr/share/nginx/html/admin/vendor/laravel/framework/src/Illuminate/Container/BoundMethod.php(36): App\\Console\\Kernel->App\\Console\\{closure}()
#10 /usr/share/nginx/html/admin/vendor/laravel/framework/src/Illuminate/Container/BoundMethod.php(36): Closure->__invoke()
#11 /usr/share/nginx/html/admin/vendor/laravel/framework/src/Illuminate/Container/Util.php(40): Illuminate\\Container\\BoundMethod::Illuminate\\Container\\{closure}()
#12 /usr/share/nginx/html/admin/vendor/laravel/framework/src/Illuminate/Container/BoundMethod.php(93): Illuminate\\Container\\Util::unwrapIfClosure()
#13 /usr/share/nginx/html/admin/vendor/laravel/framework/src/Illuminate/Container/BoundMethod.php(37): Illuminate\\Container\\BoundMethod::callBoundMethod()
#14 /usr/share/nginx/html/admin/vendor/laravel/framework/src/Illuminate/Container/Container.php(614): Illuminate\\Container\\BoundMethod::call()
#15 /usr/share/nginx/html/admin/vendor/laravel/framework/src/Illuminate/Console/Scheduling/CallbackEvent.php(79): Illuminate\\Container\\Container->call()
#16 /usr/share/nginx/html/admin/vendor/laravel/framework/src/Illuminate/Console/Scheduling/ScheduleRunCommand.php(143): Illuminate\\Console\\Scheduling\\CallbackEvent->run()
#17 /usr/share/nginx/html/admin/vendor/laravel/framework/src/Illuminate/Console/Scheduling/ScheduleRunCommand.php(102): Illuminate\\Console\\Scheduling\\ScheduleRunCommand->runEvent()
#18 /usr/share/nginx/html/admin/vendor/laravel/framework/src/Illuminate/Container/BoundMethod.php(36): Illuminate\\Console\\Scheduling\\ScheduleRunCommand->handle()
#19 /usr/share/nginx/html/admin/vendor/laravel/framework/src/Illuminate/Container/Util.php(40): Illuminate\\Container\\BoundMethod::Illuminate\\Container\\{closure}()
#20 /usr/share/nginx/html/admin/vendor/laravel/framework/src/Illuminate/Container/BoundMethod.php(93): Illuminate\\Container\\Util::unwrapIfClosure()
#21 /usr/share/nginx/html/admin/vendor/laravel/framework/src/Illuminate/Container/BoundMethod.php(37): Illuminate\\Container\\BoundMethod::callBoundMethod()
#22 /usr/share/nginx/html/admin/vendor/laravel/framework/src/Illuminate/Container/Container.php(614): Illuminate\\Container\\BoundMethod::call()
#23 /usr/share/nginx/html/admin/vendor/laravel/framework/src/Illuminate/Console/Command.php(136): Illuminate\\Container\\Container->call()
#24 /usr/share/nginx/html/admin/vendor/symfony/console/Command/Command.php(288): Illuminate\\Console\\Command->execute()
#25 /usr/share/nginx/html/admin/vendor/laravel/framework/src/Illuminate/Console/Command.php(121): Symfony\\Component\\Console\\Command\\Command->run()
#26 /usr/share/nginx/html/admin/vendor/symfony/console/Application.php(974): Illuminate\\Console\\Command->run()
#27 /usr/share/nginx/html/admin/vendor/symfony/console/Application.php(291): Symfony\\Component\\Console\\Application->doRunCommand()
#28 /usr/share/nginx/html/admin/vendor/symfony/console/Application.php(167): Symfony\\Component\\Console\\Application->doRun()
#29 /usr/share/nginx/html/admin/vendor/laravel/framework/src/Illuminate/Console/Application.php(92): Symfony\\Component\\Console\\Application->run()
#30 /usr/share/nginx/html/admin/vendor/laravel/framework/src/Illuminate/Foundation/Console/Kernel.php(129): Illuminate\\Console\\Application->run()
#31 /usr/share/nginx/html/admin/artisan(37): Illuminate\\Foundation\\Console\\Kernel->handle()
#32 {main}
"} 
[2021-06-10 16:06:47] local.ERROR: SQLSTATE[26000]: Invalid sql statement name: 7 ERROR:  prepared statement "pdo_stmt_0000005e" does not exist (SQL: select * from "goldland"."bank_accounts_integrations" where "invoice_prefix" = SASA45 limit 1) {"exception":"[object] (Illuminate\\Database\\QueryException(code: 26000): SQLSTATE[26000]: Invalid sql statement name: 7 ERROR:  prepared statement \"pdo_stmt_0000005e\" does not exist (SQL: select * from \"goldland\".\"bank_accounts_integrations\" where \"invoice_prefix\" = SASA45 limit 1) at /usr/share/nginx/html/admin/vendor/laravel/framework/src/Illuminate/Database/Connection.php:685)
[stacktrace]
#0 /usr/share/nginx/html/admin/vendor/laravel/framework/src/Illuminate/Database/Connection.php(645): Illuminate\\Database\\Connection->runQueryCallback()
#1 /usr/share/nginx/html/admin/vendor/laravel/framework/src/Illuminate/Database/Connection.php(353): Illuminate\\Database\\Connection->run()
#2 /usr/share/nginx/html/admin/vendor/laravel/framework/src/Illuminate/Database/Query/Builder.php(2351): Illuminate\\Database\\Connection->select()
#3 /usr/share/nginx/html/admin/vendor/laravel/framework/src/Illuminate/Database/Query/Builder.php(2339): Illuminate\\Database\\Query\\Builder->runSelect()
#4 /usr/share/nginx/html/admin/vendor/laravel/framework/src/Illuminate/Database/Query/Builder.php(2905): Illuminate\\Database\\Query\\Builder->Illuminate\\Database\\Query\\{closure}()
#5 /usr/share/nginx/html/admin/vendor/laravel/framework/src/Illuminate/Database/Query/Builder.php(2340): Illuminate\\Database\\Query\\Builder->onceWithColumns()
#6 /usr/share/nginx/html/admin/vendor/laravel/framework/src/Illuminate/Database/Concerns/BuildsQueries.php(257): Illuminate\\Database\\Query\\Builder->get()
#7 /usr/share/nginx/html/admin/app/Console/Kernel.php(465): Illuminate\\Database\\Query\\Builder->first()
#8 /usr/share/nginx/html/admin/app/Console/Kernel.php(297): App\\Console\\Kernel->getToken()
#9 /usr/share/nginx/html/admin/app/Console/Kernel.php(261): App\\Console\\Kernel->pushInvoice()
#10 /usr/share/nginx/html/admin/app/Console/Kernel.php(241): App\\Console\\Kernel->syncInvoicePerSchool()
#11 /usr/share/nginx/html/admin/app/Console/Kernel.php(46): App\\Console\\Kernel->syncInvoice()
#12 /usr/share/nginx/html/admin/vendor/laravel/framework/src/Illuminate/Container/BoundMethod.php(36): App\\Console\\Kernel->App\\Console\\{closure}()
#13 /usr/share/nginx/html/admin/vendor/laravel/framework/src/Illuminate/Container/BoundMethod.php(36): Closure->__invoke()
#14 /usr/share/nginx/html/admin/vendor/laravel/framework/src/Illuminate/Container/Util.php(40): Illuminate\\Container\\BoundMethod::Illuminate\\Container\\{closure}()
#15 /usr/share/nginx/html/admin/vendor/laravel/framework/src/Illuminate/Container/BoundMethod.php(93): Illuminate\\Container\\Util::unwrapIfClosure()
#16 /usr/share/nginx/html/admin/vendor/laravel/framework/src/Illuminate/Container/BoundMethod.php(37): Illuminate\\Container\\BoundMethod::callBoundMethod()
#17 /usr/share/nginx/html/admin/vendor/laravel/framework/src/Illuminate/Container/Container.php(614): Illuminate\\Container\\BoundMethod::call()
#18 /usr/share/nginx/html/admin/vendor/laravel/framework/src/Illuminate/Console/Scheduling/CallbackEvent.php(79): Illuminate\\Container\\Container->call()
#19 /usr/share/nginx/html/admin/vendor/laravel/framework/src/Illuminate/Console/Scheduling/ScheduleRunCommand.php(143): Illuminate\\Console\\Scheduling\\CallbackEvent->run()
#20 /usr/share/nginx/html/admin/vendor/laravel/framework/src/Illuminate/Console/Scheduling/ScheduleRunCommand.php(102): Illuminate\\Console\\Scheduling\\ScheduleRunCommand->runEvent()
#21 /usr/share/nginx/html/admin/vendor/laravel/framework/src/Illuminate/Container/BoundMethod.php(36): Illuminate\\Console\\Scheduling\\ScheduleRunCommand->handle()
#22 /usr/share/nginx/html/admin/vendor/laravel/framework/src/Illuminate/Container/Util.php(40): Illuminate\\Container\\BoundMethod::Illuminate\\Container\\{closure}()
#23 /usr/share/nginx/html/admin/vendor/laravel/framework/src/Illuminate/Container/BoundMethod.php(93): Illuminate\\Container\\Util::unwrapIfClosure()
#24 /usr/share/nginx/html/admin/vendor/laravel/framework/src/Illuminate/Container/BoundMethod.php(37): Illuminate\\Container\\BoundMethod::callBoundMethod()
#25 /usr/share/nginx/html/admin/vendor/laravel/framework/src/Illuminate/Container/Container.php(614): Illuminate\\Container\\BoundMethod::call()
#26 /usr/share/nginx/html/admin/vendor/laravel/framework/src/Illuminate/Console/Command.php(136): Illuminate\\Container\\Container->call()
#27 /usr/share/nginx/html/admin/vendor/symfony/console/Command/Command.php(288): Illuminate\\Console\\Command->execute()
#28 /usr/share/nginx/html/admin/vendor/laravel/framework/src/Illuminate/Console/Command.php(121): Symfony\\Component\\Console\\Command\\Command->run()
#29 /usr/share/nginx/html/admin/vendor/symfony/console/Application.php(974): Illuminate\\Console\\Command->run()
#30 /usr/share/nginx/html/admin/vendor/symfony/console/Application.php(291): Symfony\\Component\\Console\\Application->doRunCommand()
#31 /usr/share/nginx/html/admin/vendor/symfony/console/Application.php(167): Symfony\\Component\\Console\\Application->doRun()
#32 /usr/share/nginx/html/admin/vendor/laravel/framework/src/Illuminate/Console/Application.php(92): Symfony\\Component\\Console\\Application->run()
#33 /usr/share/nginx/html/admin/vendor/laravel/framework/src/Illuminate/Foundation/Console/Kernel.php(129): Illuminate\\Console\\Application->run()
#34 /usr/share/nginx/html/admin/artisan(37): Illuminate\\Foundation\\Console\\Kernel->handle()
#35 {main}

[previous exception] [object] (PDOException(code: 26000): SQLSTATE[26000]: Invalid sql statement name: 7 ERROR:  prepared statement \"pdo_stmt_0000005e\" does not exist at /usr/share/nginx/html/admin/vendor/laravel/framework/src/Illuminate/Database/Connection.php:350)
[stacktrace]
#0 /usr/share/nginx/html/admin/vendor/laravel/framework/src/Illuminate/Database/Connection.php(350): PDOStatement->execute()
#1 /usr/share/nginx/html/admin/vendor/laravel/framework/src/Illuminate/Database/Connection.php(678): Illuminate\\Database\\Connection->Illuminate\\Database\\{closure}()
#2 /usr/share/nginx/html/admin/vendor/laravel/framework/src/Illuminate/Database/Connection.php(645): Illuminate\\Database\\Connection->runQueryCallback()
#3 /usr/share/nginx/html/admin/vendor/laravel/framework/src/Illuminate/Database/Connection.php(353): Illuminate\\Database\\Connection->run()
#4 /usr/share/nginx/html/admin/vendor/laravel/framework/src/Illuminate/Database/Query/Builder.php(2351): Illuminate\\Database\\Connection->select()
#5 /usr/share/nginx/html/admin/vendor/laravel/framework/src/Illuminate/Database/Query/Builder.php(2339): Illuminate\\Database\\Query\\Builder->runSelect()
#6 /usr/share/nginx/html/admin/vendor/laravel/framework/src/Illuminate/Database/Query/Builder.php(2905): Illuminate\\Database\\Query\\Builder->Illuminate\\Database\\Query\\{closure}()
#7 /usr/share/nginx/html/admin/vendor/laravel/framework/src/Illuminate/Database/Query/Builder.php(2340): Illuminate\\Database\\Query\\Builder->onceWithColumns()
#8 /usr/share/nginx/html/admin/vendor/laravel/framework/src/Illuminate/Database/Concerns/BuildsQueries.php(257): Illuminate\\Database\\Query\\Builder->get()
#9 /usr/share/nginx/html/admin/app/Console/Kernel.php(465): Illuminate\\Database\\Query\\Builder->first()
#10 /usr/share/nginx/html/admin/app/Console/Kernel.php(297): App\\Console\\Kernel->getToken()
#11 /usr/share/nginx/html/admin/app/Console/Kernel.php(261): App\\Console\\Kernel->pushInvoice()
#12 /usr/share/nginx/html/admin/app/Console/Kernel.php(241): App\\Console\\Kernel->syncInvoicePerSchool()
#13 /usr/share/nginx/html/admin/app/Console/Kernel.php(46): App\\Console\\Kernel->syncInvoice()
#14 /usr/share/nginx/html/admin/vendor/laravel/framework/src/Illuminate/Container/BoundMethod.php(36): App\\Console\\Kernel->App\\Console\\{closure}()
#15 /usr/share/nginx/html/admin/vendor/laravel/framework/src/Illuminate/Container/BoundMethod.php(36): Closure->__invoke()
#16 /usr/share/nginx/html/admin/vendor/laravel/framework/src/Illuminate/Container/Util.php(40): Illuminate\\Container\\BoundMethod::Illuminate\\Container\\{closure}()
#17 /usr/share/nginx/html/admin/vendor/laravel/framework/src/Illuminate/Container/BoundMethod.php(93): Illuminate\\Container\\Util::unwrapIfClosure()
#18 /usr/share/nginx/html/admin/vendor/laravel/framework/src/Illuminate/Container/BoundMethod.php(37): Illuminate\\Container\\BoundMethod::callBoundMethod()
#19 /usr/share/nginx/html/admin/vendor/laravel/framework/src/Illuminate/Container/Container.php(614): Illuminate\\Container\\BoundMethod::call()
#20 /usr/share/nginx/html/admin/vendor/laravel/framework/src/Illuminate/Console/Scheduling/CallbackEvent.php(79): Illuminate\\Container\\Container->call()
#21 /usr/share/nginx/html/admin/vendor/laravel/framework/src/Illuminate/Console/Scheduling/ScheduleRunCommand.php(143): Illuminate\\Console\\Scheduling\\CallbackEvent->run()
#22 /usr/share/nginx/html/admin/vendor/laravel/framework/src/Illuminate/Console/Scheduling/ScheduleRunCommand.php(102): Illuminate\\Console\\Scheduling\\ScheduleRunCommand->runEvent()
#23 /usr/share/nginx/html/admin/vendor/laravel/framework/src/Illuminate/Container/BoundMethod.php(36): Illuminate\\Console\\Scheduling\\ScheduleRunCommand->handle()
#24 /usr/share/nginx/html/admin/vendor/laravel/framework/src/Illuminate/Container/Util.php(40): Illuminate\\Container\\BoundMethod::Illuminate\\Container\\{closure}()
#25 /usr/share/nginx/html/admin/vendor/laravel/framework/src/Illuminate/Container/BoundMethod.php(93): Illuminate\\Container\\Util::unwrapIfClosure()
#26 /usr/share/nginx/html/admin/vendor/laravel/framework/src/Illuminate/Container/BoundMethod.php(37): Illuminate\\Container\\BoundMethod::callBoundMethod()
#27 /usr/share/nginx/html/admin/vendor/laravel/framework/src/Illuminate/Container/Container.php(614): Illuminate\\Container\\BoundMethod::call()
#28 /usr/share/nginx/html/admin/vendor/laravel/framework/src/Illuminate/Console/Command.php(136): Illuminate\\Container\\Container->call()
#29 /usr/share/nginx/html/admin/vendor/symfony/console/Command/Command.php(288): Illuminate\\Console\\Command->execute()
#30 /usr/share/nginx/html/admin/vendor/laravel/framework/src/Illuminate/Console/Command.php(121): Symfony\\Component\\Console\\Command\\Command->run()
#31 /usr/share/nginx/html/admin/vendor/symfony/console/Application.php(974): Illuminate\\Console\\Command->run()
#32 /usr/share/nginx/html/admin/vendor/symfony/console/Application.php(291): Symfony\\Component\\Console\\Application->doRunCommand()
#33 /usr/share/nginx/html/admin/vendor/symfony/console/Application.php(167): Symfony\\Component\\Console\\Application->doRun()
#34 /usr/share/nginx/html/admin/vendor/laravel/framework/src/Illuminate/Console/Application.php(92): Symfony\\Component\\Console\\Application->run()
#35 /usr/share/nginx/html/admin/vendor/laravel/framework/src/Illuminate/Foundation/Console/Kernel.php(129): Illuminate\\Console\\Application->run()
#36 /usr/share/nginx/html/admin/artisan(37): Illuminate\\Foundation\\Console\\Kernel->handle()
#37 {main}
"} 
[2021-06-10 16:08:26] local.ERROR: SQLSTATE[22P02]: Invalid text representation: 7 ERROR:  invalid input syntax for type json
DETAIL:  Token "<" is invalid.
CONTEXT:  JSON data, line 1: <... (SQL: insert into "api"."requests" ("return", "content") values (<!DOCTYPE html>
<html lang="en">
<head>
<meta charset="utf-8">
<title>404 Page Not Found</title>
<style type="text/css">

::selection { background-color: #E13300; color: white; }
::-moz-selection { background-color: #E13300; color: white; }

body {
	background-color: #fff;
	margin: 40px;
	font: 13px/20px normal Helvetica, Arial, sans-serif;
	color: #4F5155;
}

a {
	color: #003399;
	background-color: transparent;
	font-weight: normal;
}

h1 {
	color: #444;
	background-color: transparent;
	border-bottom: 1px solid #D0D0D0;
	font-size: 19px;
	font-weight: normal;
	margin: 0 0 14px 0;
	padding: 14px 15px 10px 15px;
}

code {
	font-family: Consolas, Monaco, Courier New, Courier, monospace;
	font-size: 12px;
	background-color: #f9f9f9;
	border: 1px solid #D0D0D0;
	color: #002166;
	display: block;
	margin: 14px 0 14px 0;
	padding: 12px 10px 12px 10px;
}

#container {
	margin: 10px;
	border: 1px solid #D0D0D0;
	box-shadow: 0 0 8px #D0D0D0;
}

p {
	margin: 12px 15px 12px 15px;
}
</style>
</head>
<body>
	<div id="container">
		<h1>404 Page Not Found</h1>
		<p>The page you requested was not found.</p>	</div>
</body>
</html>, {"reference":"SAS6851001","token":"3999M20210610160825E12641114U5162"})) {"exception":"[object] (Illuminate\\Database\\QueryException(code: 22P02): SQLSTATE[22P02]: Invalid text representation: 7 ERROR:  invalid input syntax for type json
DETAIL:  Token \"<\" is invalid.
CONTEXT:  JSON data, line 1: <... (SQL: insert into \"api\".\"requests\" (\"return\", \"content\") values (<!DOCTYPE html>
<html lang=\"en\">
<head>
<meta charset=\"utf-8\">
<title>404 Page Not Found</title>
<style type=\"text/css\">

::selection { background-color: #E13300; color: white; }
::-moz-selection { background-color: #E13300; color: white; }

body {
\tbackground-color: #fff;
\tmargin: 40px;
\tfont: 13px/20px normal Helvetica, Arial, sans-serif;
\tcolor: #4F5155;
}

a {
\tcolor: #003399;
\tbackground-color: transparent;
\tfont-weight: normal;
}

h1 {
\tcolor: #444;
\tbackground-color: transparent;
\tborder-bottom: 1px solid #D0D0D0;
\tfont-size: 19px;
\tfont-weight: normal;
\tmargin: 0 0 14px 0;
\tpadding: 14px 15px 10px 15px;
}

code {
\tfont-family: Consolas, Monaco, Courier New, Courier, monospace;
\tfont-size: 12px;
\tbackground-color: #f9f9f9;
\tborder: 1px solid #D0D0D0;
\tcolor: #002166;
\tdisplay: block;
\tmargin: 14px 0 14px 0;
\tpadding: 12px 10px 12px 10px;
}

#container {
\tmargin: 10px;
\tborder: 1px solid #D0D0D0;
\tbox-shadow: 0 0 8px #D0D0D0;
}

p {
\tmargin: 12px 15px 12px 15px;
}
</style>
</head>
<body>
\t<div id=\"container\">
\t\t<h1>404 Page Not Found</h1>
\t\t<p>The page you requested was not found.</p>\t</div>
</body>
</html>, {\"reference\":\"SAS6851001\",\"token\":\"3999M20210610160825E12641114U5162\"})) at /usr/share/nginx/html/admin/vendor/laravel/framework/src/Illuminate/Database/Connection.php:685)
[stacktrace]
#0 /usr/share/nginx/html/admin/vendor/laravel/framework/src/Illuminate/Database/Connection.php(645): Illuminate\\Database\\Connection->runQueryCallback()
#1 /usr/share/nginx/html/admin/vendor/laravel/framework/src/Illuminate/Database/Connection.php(479): Illuminate\\Database\\Connection->run()
#2 /usr/share/nginx/html/admin/vendor/laravel/framework/src/Illuminate/Database/Connection.php(431): Illuminate\\Database\\Connection->statement()
#3 /usr/share/nginx/html/admin/vendor/laravel/framework/src/Illuminate/Database/Query/Builder.php(2949): Illuminate\\Database\\Connection->insert()
#4 /usr/share/nginx/html/admin/app/Console/Kernel.php(292): Illuminate\\Database\\Query\\Builder->insert()
#5 /usr/share/nginx/html/admin/app/Console/Kernel.php(315): App\\Console\\Kernel->deleteInvoice()
#6 /usr/share/nginx/html/admin/app/Console/Kernel.php(261): App\\Console\\Kernel->pushInvoice()
#7 /usr/share/nginx/html/admin/app/Console/Kernel.php(241): App\\Console\\Kernel->syncInvoicePerSchool()
#8 /usr/share/nginx/html/admin/app/Console/Kernel.php(46): App\\Console\\Kernel->syncInvoice()
#9 /usr/share/nginx/html/admin/vendor/laravel/framework/src/Illuminate/Container/BoundMethod.php(36): App\\Console\\Kernel->App\\Console\\{closure}()
#10 /usr/share/nginx/html/admin/vendor/laravel/framework/src/Illuminate/Container/BoundMethod.php(36): Closure->__invoke()
#11 /usr/share/nginx/html/admin/vendor/laravel/framework/src/Illuminate/Container/Util.php(40): Illuminate\\Container\\BoundMethod::Illuminate\\Container\\{closure}()
#12 /usr/share/nginx/html/admin/vendor/laravel/framework/src/Illuminate/Container/BoundMethod.php(93): Illuminate\\Container\\Util::unwrapIfClosure()
#13 /usr/share/nginx/html/admin/vendor/laravel/framework/src/Illuminate/Container/BoundMethod.php(37): Illuminate\\Container\\BoundMethod::callBoundMethod()
#14 /usr/share/nginx/html/admin/vendor/laravel/framework/src/Illuminate/Container/Container.php(614): Illuminate\\Container\\BoundMethod::call()
#15 /usr/share/nginx/html/admin/vendor/laravel/framework/src/Illuminate/Console/Scheduling/CallbackEvent.php(79): Illuminate\\Container\\Container->call()
#16 /usr/share/nginx/html/admin/vendor/laravel/framework/src/Illuminate/Console/Scheduling/ScheduleRunCommand.php(143): Illuminate\\Console\\Scheduling\\CallbackEvent->run()
#17 /usr/share/nginx/html/admin/vendor/laravel/framework/src/Illuminate/Console/Scheduling/ScheduleRunCommand.php(102): Illuminate\\Console\\Scheduling\\ScheduleRunCommand->runEvent()
#18 /usr/share/nginx/html/admin/vendor/laravel/framework/src/Illuminate/Container/BoundMethod.php(36): Illuminate\\Console\\Scheduling\\ScheduleRunCommand->handle()
#19 /usr/share/nginx/html/admin/vendor/laravel/framework/src/Illuminate/Container/Util.php(40): Illuminate\\Container\\BoundMethod::Illuminate\\Container\\{closure}()
#20 /usr/share/nginx/html/admin/vendor/laravel/framework/src/Illuminate/Container/BoundMethod.php(93): Illuminate\\Container\\Util::unwrapIfClosure()
#21 /usr/share/nginx/html/admin/vendor/laravel/framework/src/Illuminate/Container/BoundMethod.php(37): Illuminate\\Container\\BoundMethod::callBoundMethod()
#22 /usr/share/nginx/html/admin/vendor/laravel/framework/src/Illuminate/Container/Container.php(614): Illuminate\\Container\\BoundMethod::call()
#23 /usr/share/nginx/html/admin/vendor/laravel/framework/src/Illuminate/Console/Command.php(136): Illuminate\\Container\\Container->call()
#24 /usr/share/nginx/html/admin/vendor/symfony/console/Command/Command.php(288): Illuminate\\Console\\Command->execute()
#25 /usr/share/nginx/html/admin/vendor/laravel/framework/src/Illuminate/Console/Command.php(121): Symfony\\Component\\Console\\Command\\Command->run()
#26 /usr/share/nginx/html/admin/vendor/symfony/console/Application.php(974): Illuminate\\Console\\Command->run()
#27 /usr/share/nginx/html/admin/vendor/symfony/console/Application.php(291): Symfony\\Component\\Console\\Application->doRunCommand()
#28 /usr/share/nginx/html/admin/vendor/symfony/console/Application.php(167): Symfony\\Component\\Console\\Application->doRun()
#29 /usr/share/nginx/html/admin/vendor/laravel/framework/src/Illuminate/Console/Application.php(92): Symfony\\Component\\Console\\Application->run()
#30 /usr/share/nginx/html/admin/vendor/laravel/framework/src/Illuminate/Foundation/Console/Kernel.php(129): Illuminate\\Console\\Application->run()
#31 /usr/share/nginx/html/admin/artisan(37): Illuminate\\Foundation\\Console\\Kernel->handle()
#32 {main}

[previous exception] [object] (PDOException(code: 22P02): SQLSTATE[22P02]: Invalid text representation: 7 ERROR:  invalid input syntax for type json
DETAIL:  Token \"<\" is invalid.
CONTEXT:  JSON data, line 1: <... at /usr/share/nginx/html/admin/vendor/laravel/framework/src/Illuminate/Database/Connection.php:478)
[stacktrace]
#0 /usr/share/nginx/html/admin/vendor/laravel/framework/src/Illuminate/Database/Connection.php(478): PDOStatement->execute()
#1 /usr/share/nginx/html/admin/vendor/laravel/framework/src/Illuminate/Database/Connection.php(678): Illuminate\\Database\\Connection->Illuminate\\Database\\{closure}()
#2 /usr/share/nginx/html/admin/vendor/laravel/framework/src/Illuminate/Database/Connection.php(645): Illuminate\\Database\\Connection->runQueryCallback()
#3 /usr/share/nginx/html/admin/vendor/laravel/framework/src/Illuminate/Database/Connection.php(479): Illuminate\\Database\\Connection->run()
#4 /usr/share/nginx/html/admin/vendor/laravel/framework/src/Illuminate/Database/Connection.php(431): Illuminate\\Database\\Connection->statement()
#5 /usr/share/nginx/html/admin/vendor/laravel/framework/src/Illuminate/Database/Query/Builder.php(2949): Illuminate\\Database\\Connection->insert()
#6 /usr/share/nginx/html/admin/app/Console/Kernel.php(292): Illuminate\\Database\\Query\\Builder->insert()
#7 /usr/share/nginx/html/admin/app/Console/Kernel.php(315): App\\Console\\Kernel->deleteInvoice()
#8 /usr/share/nginx/html/admin/app/Console/Kernel.php(261): App\\Console\\Kernel->pushInvoice()
#9 /usr/share/nginx/html/admin/app/Console/Kernel.php(241): App\\Console\\Kernel->syncInvoicePerSchool()
#10 /usr/share/nginx/html/admin/app/Console/Kernel.php(46): App\\Console\\Kernel->syncInvoice()
#11 /usr/share/nginx/html/admin/vendor/laravel/framework/src/Illuminate/Container/BoundMethod.php(36): App\\Console\\Kernel->App\\Console\\{closure}()
#12 /usr/share/nginx/html/admin/vendor/laravel/framework/src/Illuminate/Container/BoundMethod.php(36): Closure->__invoke()
#13 /usr/share/nginx/html/admin/vendor/laravel/framework/src/Illuminate/Container/Util.php(40): Illuminate\\Container\\BoundMethod::Illuminate\\Container\\{closure}()
#14 /usr/share/nginx/html/admin/vendor/laravel/framework/src/Illuminate/Container/BoundMethod.php(93): Illuminate\\Container\\Util::unwrapIfClosure()
#15 /usr/share/nginx/html/admin/vendor/laravel/framework/src/Illuminate/Container/BoundMethod.php(37): Illuminate\\Container\\BoundMethod::callBoundMethod()
#16 /usr/share/nginx/html/admin/vendor/laravel/framework/src/Illuminate/Container/Container.php(614): Illuminate\\Container\\BoundMethod::call()
#17 /usr/share/nginx/html/admin/vendor/laravel/framework/src/Illuminate/Console/Scheduling/CallbackEvent.php(79): Illuminate\\Container\\Container->call()
#18 /usr/share/nginx/html/admin/vendor/laravel/framework/src/Illuminate/Console/Scheduling/ScheduleRunCommand.php(143): Illuminate\\Console\\Scheduling\\CallbackEvent->run()
#19 /usr/share/nginx/html/admin/vendor/laravel/framework/src/Illuminate/Console/Scheduling/ScheduleRunCommand.php(102): Illuminate\\Console\\Scheduling\\ScheduleRunCommand->runEvent()
#20 /usr/share/nginx/html/admin/vendor/laravel/framework/src/Illuminate/Container/BoundMethod.php(36): Illuminate\\Console\\Scheduling\\ScheduleRunCommand->handle()
#21 /usr/share/nginx/html/admin/vendor/laravel/framework/src/Illuminate/Container/Util.php(40): Illuminate\\Container\\BoundMethod::Illuminate\\Container\\{closure}()
#22 /usr/share/nginx/html/admin/vendor/laravel/framework/src/Illuminate/Container/BoundMethod.php(93): Illuminate\\Container\\Util::unwrapIfClosure()
#23 /usr/share/nginx/html/admin/vendor/laravel/framework/src/Illuminate/Container/BoundMethod.php(37): Illuminate\\Container\\BoundMethod::callBoundMethod()
#24 /usr/share/nginx/html/admin/vendor/laravel/framework/src/Illuminate/Container/Container.php(614): Illuminate\\Container\\BoundMethod::call()
#25 /usr/share/nginx/html/admin/vendor/laravel/framework/src/Illuminate/Console/Command.php(136): Illuminate\\Container\\Container->call()
#26 /usr/share/nginx/html/admin/vendor/symfony/console/Command/Command.php(288): Illuminate\\Console\\Command->execute()
#27 /usr/share/nginx/html/admin/vendor/laravel/framework/src/Illuminate/Console/Command.php(121): Symfony\\Component\\Console\\Command\\Command->run()
#28 /usr/share/nginx/html/admin/vendor/symfony/console/Application.php(974): Illuminate\\Console\\Command->run()
#29 /usr/share/nginx/html/admin/vendor/symfony/console/Application.php(291): Symfony\\Component\\Console\\Application->doRunCommand()
#30 /usr/share/nginx/html/admin/vendor/symfony/console/Application.php(167): Symfony\\Component\\Console\\Application->doRun()
#31 /usr/share/nginx/html/admin/vendor/laravel/framework/src/Illuminate/Console/Application.php(92): Symfony\\Component\\Console\\Application->run()
#32 /usr/share/nginx/html/admin/vendor/laravel/framework/src/Illuminate/Foundation/Console/Kernel.php(129): Illuminate\\Console\\Application->run()
#33 /usr/share/nginx/html/admin/artisan(37): Illuminate\\Foundation\\Console\\Kernel->handle()
#34 {main}
"} 
